手绘700帧！完美还原蔡徐坤打篮球！鸡你太美~五毛钱的宿命827.9万
蔡徐坤打球很菜？喷子们都来看看吧观溟止鱼528.2万
这可能是模仿蔡徐坤打篮球最真实的视频Zokiel471.8万
黑子们可以闭嘴了，你们以为蔡徐坤真的不会打球吗？神枪手尼贝尔455.3万
【蔡徐坤】放荡不羁电音之舞枪弹轨迹432.4万
【蔡徐坤】独家采访，回应b站鬼畜视频地瓜地瓜我是你哥353.3万
【公开处刑】卢姥爷VS蔡徐坤篮球实力pk猫偶少年312.6万
【蔡徐坤】篮球场上出现了新的垃圾话：蔡徐坤！蔡徐坤！蔡徐坤！！简直就是破坏发球的神语言！张飞吃豆芽啊287.4万
可能是中国三观最正的渣男！！真的real~你好骚啊skrskr日叔丨274.6万
【大事件】最强流量凡凡降临，ikun空前大集合拯救坤坤 暴走大事件第六季 12暴走漫画272.5万
蔡徐坤打篮球火到国外！海外网友如何评价蔡徐坤打篮球？有翻译猜不出下个视频是什么270.0万
当你加了一个菜徐鲲粉丝群…初君_an262.8万
美国校队蔡徐坤真正的篮球实力昵称有没有不重要251.6万
蔡徐坤被篮球暴打黑玛瑙245.5万
【AI换脸】五五开-打篮球视频用户名未填写235.8万
因为一个视频，我被蔡徐坤粉丝骂到自闭！ 成了小姐姐最讨厌的人波桑吃遍世界230.0万
【六小龄童vs蔡徐坤】回应被b站鬼畜的反应，高下立判，什么叫老艺术家啊？多拉贡Ladon221.8万
在班上放蔡徐坤打球会怎么样？喻子布219.7万
【大型粉丝拆台现场合集一】笑到头掉哈哈哈这届粉丝真的很会拆台，太难带了！姨太的吃瓜大会218.9万
【PS】当YouTube第一订阅看到蔡徐坤打球LE九岁不翻车217.2万
